0 info it worked if it ends with ok
1 verbose cli [ '/usr/bin/node', '/usr/bin/npm', 'install', '-g', 'node-sass' ]
2 info using npm@1.4.28
3 info using node@v0.10.38
4 verbose node symlink /usr/bin/node
5 verbose cache add [ 'node-sass', null ]
6 verbose cache add name=undefined spec="node-sass" args=["node-sass",null]
7 verbose parsed url { protocol: null,
7 verbose parsed url   slashes: null,
7 verbose parsed url   auth: null,
7 verbose parsed url   host: null,
7 verbose parsed url   port: null,
7 verbose parsed url   hostname: null,
7 verbose parsed url   hash: null,
7 verbose parsed url   search: null,
7 verbose parsed url   query: null,
7 verbose parsed url   pathname: 'node-sass',
7 verbose parsed url   path: 'node-sass',
7 verbose parsed url   href: 'node-sass' }
8 silly lockFile 9209a311-node-sass node-sass
9 verbose lock node-sass /home/billy/.npm/9209a311-node-sass.lock
10 silly lockFile 9209a311-node-sass node-sass
11 silly lockFile 9209a311-node-sass node-sass
12 verbose addNamed [ 'node-sass', '' ]
13 verbose addNamed [ null, '*' ]
14 silly lockFile 8df65bd4-node-sass node-sass@
15 verbose lock node-sass@ /home/billy/.npm/8df65bd4-node-sass.lock
16 silly addNameRange { name: 'node-sass', range: '*', hasData: false }
17 verbose request where is /node-sass
18 verbose request registry https://registry.npmjs.org/
19 verbose request id 4e35dbd395f2527d
20 verbose url raw /node-sass
21 verbose url resolving [ 'https://registry.npmjs.org/', './node-sass' ]
22 verbose url resolved https://registry.npmjs.org/node-sass
23 verbose request where is https://registry.npmjs.org/node-sass
24 info trying registry request attempt 1 at 18:55:32
25 verbose etag "3VK7CV7I4TCZA1CPO4TA5QYDJ"
26 http GET https://registry.npmjs.org/node-sass
27 http 304 https://registry.npmjs.org/node-sass
28 silly registry.get cb [ 304,
28 silly registry.get   { date: 'Wed, 06 May 2015 22:55:32 GMT',
28 silly registry.get     via: '1.1 varnish',
28 silly registry.get     'last-modified': 'Wed, 06 May 2015 22:55:32 GMT',
28 silly registry.get     'cache-control': 'max-age=60',
28 silly registry.get     etag: '"3VK7CV7I4TCZA1CPO4TA5QYDJ"',
28 silly registry.get     age: '44',
28 silly registry.get     connection: 'keep-alive',
28 silly registry.get     'x-served-by': 'cache-iad2138-IAD',
28 silly registry.get     'x-cache': 'HIT',
28 silly registry.get     'x-cache-hits': '1',
28 silly registry.get     'x-timer': 'S1430952932.985337,VS0,VE1',
28 silly registry.get     vary: 'Accept' } ]
29 verbose etag https://registry.npmjs.org/node-sass from cache
30 silly addNameRange number 2 { name: 'node-sass', range: '*', hasData: true }
31 silly addNameRange versions [ 'node-sass',
31 silly addNameRange   [ '0.2.0',
31 silly addNameRange     '0.2.1',
31 silly addNameRange     '0.2.2',
31 silly addNameRange     '0.2.3',
31 silly addNameRange     '0.2.4',
31 silly addNameRange     '0.2.5',
31 silly addNameRange     '0.2.6',
31 silly addNameRange     '0.3.0',
31 silly addNameRange     '0.4.0',
31 silly addNameRange     '0.4.1',
31 silly addNameRange     '0.4.2',
31 silly addNameRange     '0.4.3',
31 silly addNameRange     '0.4.4',
31 silly addNameRange     '0.5.0',
31 silly addNameRange     '0.5.1',
31 silly addNameRange     '0.5.2',
31 silly addNameRange     '0.5.3',
31 silly addNameRange     '0.5.4',
31 silly addNameRange     '0.6.0',
31 silly addNameRange     '0.6.1',
31 silly addNameRange     '0.6.2',
31 silly addNameRange     '0.6.3',
31 silly addNameRange     '0.6.4',
31 silly addNameRange     '0.6.5',
31 silly addNameRange     '0.6.6',
31 silly addNameRange     '0.6.7',
31 silly addNameRange     '0.7.0-alpha',
31 silly addNameRange     '0.7.0',
31 silly addNameRange     '0.8.0',
31 silly addNameRange     '0.8.1',
31 silly addNameRange     '0.8.2',
31 silly addNameRange     '0.8.3',
31 silly addNameRange     '0.8.4',
31 silly addNameRange     '0.8.5',
31 silly addNameRange     '0.8.6',
31 silly addNameRange     '0.9.0',
31 silly addNameRange     '0.9.1',
31 silly addNameRange     '0.9.2',
31 silly addNameRange     '0.9.3',
31 silly addNameRange     '0.9.4-rc1',
31 silly addNameRange     '0.9.4',
31 silly addNameRange     '0.9.5-rc1',
31 silly addNameRange     '0.9.5',
31 silly addNameRange     '0.9.6',
31 silly addNameRange     '1.0.0',
31 silly addNameRange     '1.0.1',
31 silly addNameRange     '1.0.2-alpha',
31 silly addNameRange     '1.0.2',
31 silly addNameRange     '1.0.3',
31 silly addNameRange     '1.1.0',
31 silly addNameRange     '1.1.1',
31 silly addNameRange     '1.1.2',
31 silly addNameRange     '1.1.3',
31 silly addNameRange     '1.1.4',
31 silly addNameRange     '1.2.0',
31 silly addNameRange     '1.2.1',
31 silly addNameRange     '1.2.2',
31 silly addNameRange     '1.2.3',
31 silly addNameRange     '2.0.0-beta',
31 silly addNameRange     '2.0.0',
31 silly addNameRange     '2.0.1',
31 silly addNameRange     '3.0.0-alpha.0',
31 silly addNameRange     '3.0.0-beta.2',
31 silly addNameRange     '3.0.0-beta.3',
31 silly addNameRange     '3.0.0-beta.4',
31 silly addNameRange     '2.1.0',
31 silly addNameRange     '2.1.1',
31 silly addNameRange     '3.0.0-beta.5',
31 silly addNameRange     '3.0.0-beta.7',
31 silly addNameRange     '3.0.0' ] ]
32 verbose addNamed [ 'node-sass', '3.0.0' ]
33 verbose addNamed [ '3.0.0', '3.0.0' ]
34 silly lockFile 571640fa-node-sass-3-0-0 node-sass@3.0.0
35 verbose lock node-sass@3.0.0 /home/billy/.npm/571640fa-node-sass-3-0-0.lock
36 silly lockFile 52fd7dff-rg-node-sass-node-sass-3-0-0-tgz https://registry.npmjs.org/node-sass/-/node-sass-3.0.0.tgz
37 verbose lock https://registry.npmjs.org/node-sass/-/node-sass-3.0.0.tgz /home/billy/.npm/52fd7dff-rg-node-sass-node-sass-3-0-0-tgz.lock
38 verbose addRemoteTarball [ 'https://registry.npmjs.org/node-sass/-/node-sass-3.0.0.tgz',
38 verbose addRemoteTarball   '40e1c5a1f3ba55d9efcc6ff2e2f06cf2f937d70d' ]
39 info retry fetch attempt 1 at 18:55:33
40 verbose fetch to= /tmp/npm-6578-j2YOLxSW/registry.npmjs.org/node-sass/-/node-sass-3.0.0.tgz
41 http GET https://registry.npmjs.org/node-sass/-/node-sass-3.0.0.tgz
42 http 200 https://registry.npmjs.org/node-sass/-/node-sass-3.0.0.tgz
43 silly lockFile 52fd7dff-rg-node-sass-node-sass-3-0-0-tgz https://registry.npmjs.org/node-sass/-/node-sass-3.0.0.tgz
44 silly lockFile 52fd7dff-rg-node-sass-node-sass-3-0-0-tgz https://registry.npmjs.org/node-sass/-/node-sass-3.0.0.tgz
45 silly lockFile 571640fa-node-sass-3-0-0 node-sass@3.0.0
46 silly lockFile 571640fa-node-sass-3-0-0 node-sass@3.0.0
47 silly lockFile 8df65bd4-node-sass node-sass@
48 silly lockFile 8df65bd4-node-sass node-sass@
49 silly resolved [ { name: 'node-sass',
49 silly resolved     version: '3.0.0',
49 silly resolved     libsass: '3.2.2',
49 silly resolved     description: 'Wrapper around libsass',
49 silly resolved     license: 'MIT',
49 silly resolved     homepage: 'https://github.com/sass/node-sass',
49 silly resolved     repository: { type: 'git', url: 'https://github.com/sass/node-sass' },
49 silly resolved     author:
49 silly resolved      { name: 'Andrew Nesbitt',
49 silly resolved        email: 'andrewnez@gmail.com',
49 silly resolved        url: 'http://andrew.github.com' },
49 silly resolved     engines: { node: '>=0.10.0' },
49 silly resolved     main: 'lib/index.js',
49 silly resolved     nodeSassConfig: { binarySite: 'https://github.com/sass/node-sass/releases/download' },
49 silly resolved     bin: { 'node-sass': 'bin/node-sass' },
49 silly resolved     gypfile: true,
49 silly resolved     scripts:
49 silly resolved      { coverage: 'node scripts/coverage.js',
49 silly resolved        install: 'node scripts/install.js',
49 silly resolved        postinstall: 'node scripts/build.js',
49 silly resolved        pretest: 'jshint bin lib scripts test',
49 silly resolved        test: 'mocha test' },
49 silly resolved     files: [ 'bin', 'binding.gyp', 'lib', 'scripts', 'src' ],
49 silly resolved     keywords: [ 'css', 'libsass', 'preprocessor', 'sass', 'scss', 'style' ],
49 silly resolved     dependencies:
49 silly resolved      { 'async-foreach': '^0.1.3',
49 silly resolved        chalk: '^1.0.0',
49 silly resolved        gaze: '^0.5.1',
49 silly resolved        'get-stdin': '^4.0.1',
49 silly resolved        glob: '^5.0.3',
49 silly resolved        meow: '^3.1.0',
49 silly resolved        mkdirp: '^0.5.0',
49 silly resolved        nan: '^1.8.4',
49 silly resolved        npmconf: '^2.1.1',
49 silly resolved        pangyp: 'git+https://github.com/am11/pangyp',
49 silly resolved        request: '^2.55.0',
49 silly resolved        'sass-graph': '^2.0.0' },
49 silly resolved     devDependencies:
49 silly resolved      { coveralls: '^2.11.2',
49 silly resolved        'cross-spawn': '^0.2.8',
49 silly resolved        jscoverage: '^0.5.9',
49 silly resolved        jshint: '^2.6.3',
49 silly resolved        mocha: '^2.2.1',
49 silly resolved        'mocha-lcov-reporter': '^0.0.2',
49 silly resolved        rimraf: '^2.3.2' },
49 silly resolved     gitHead: '16be724d33a0768519fb30a80ba3d625af9bcb2e',
49 silly resolved     bugs: { url: 'https://github.com/sass/node-sass/issues' },
49 silly resolved     _id: 'node-sass@3.0.0',
49 silly resolved     _shasum: '40e1c5a1f3ba55d9efcc6ff2e2f06cf2f937d70d',
49 silly resolved     _from: 'node-sass@',
49 silly resolved     _npmVersion: '2.6.1',
49 silly resolved     _nodeVersion: '0.10.29',
49 silly resolved     _npmUser: { name: 'xzyfer', email: 'xzyfer@gmail.com' },
49 silly resolved     maintainers: [ [Object], [Object], [Object], [Object], [Object], [Object] ],
49 silly resolved     dist:
49 silly resolved      { shasum: '40e1c5a1f3ba55d9efcc6ff2e2f06cf2f937d70d',
49 silly resolved        tarball: 'http://registry.npmjs.org/node-sass/-/node-sass-3.0.0.tgz' },
49 silly resolved     directories: {},
49 silly resolved     _resolved: 'https://registry.npmjs.org/node-sass/-/node-sass-3.0.0.tgz' } ]
50 info install node-sass@3.0.0 into /usr/lib
51 info installOne node-sass@3.0.0
52 verbose lib/node_modules/node-sass unbuild
53 verbose tar unpack /home/billy/.npm/node-sass/3.0.0/package.tgz
54 silly lockFile 81ad48a8-r-usr-lib-node-modules-node-sass tar:///usr/lib/node_modules/node-sass
55 verbose lock tar:///usr/lib/node_modules/node-sass /home/billy/.npm/81ad48a8-r-usr-lib-node-modules-node-sass.lock
56 silly lockFile 182cda60--npm-node-sass-3-0-0-package-tgz tar:///home/billy/.npm/node-sass/3.0.0/package.tgz
57 verbose lock tar:///home/billy/.npm/node-sass/3.0.0/package.tgz /home/billy/.npm/182cda60--npm-node-sass-3-0-0-package-tgz.lock
58 silly gunzTarPerm modes [ '775', '664' ]
59 error Error: EACCES, mkdir '/usr/lib/node_modules/node-sass'
59 error  { [Error: EACCES, mkdir '/usr/lib/node_modules/node-sass']
59 error   errno: 3,
59 error   code: 'EACCES',
59 error   path: '/usr/lib/node_modules/node-sass',
59 error   fstream_type: 'Directory',
59 error   fstream_path: '/usr/lib/node_modules/node-sass',
59 error   fstream_class: 'DirWriter',
59 error   fstream_stack:
59 error    [ '/usr/lib/node_modules/npm/node_modules/fstream/lib/dir-writer.js:36:23',
59 error      '/usr/lib/node_modules/npm/node_modules/mkdirp/index.js:46:53',
59 error      'Object.oncomplete (fs.js:108:15)' ] }
60 error Please try running this command again as root/Administrator.
61 error System Linux 3.13.0-52-generic
62 error command "/usr/bin/node" "/usr/bin/npm" "install" "-g" "node-sass"
63 error cwd /home/billy/Documents/code4hr/NDoCH-2015-promotion
64 error node -v v0.10.38
65 error npm -v 1.4.28
66 error path /usr/lib/node_modules/node-sass
67 error fstream_path /usr/lib/node_modules/node-sass
68 error fstream_type Directory
69 error fstream_class DirWriter
70 error code EACCES
71 error errno 3
72 error stack Error: EACCES, mkdir '/usr/lib/node_modules/node-sass'
73 error fstream_stack /usr/lib/node_modules/npm/node_modules/fstream/lib/dir-writer.js:36:23
73 error fstream_stack /usr/lib/node_modules/npm/node_modules/mkdirp/index.js:46:53
73 error fstream_stack Object.oncomplete (fs.js:108:15)
74 verbose exit [ 3, true ]
